Nov-19 18:18:33.094 [main] DEBUG nextflow.cli.Launcher - $> nextflow run main.nf -params-file params.yaml -profile docker
Nov-19 18:18:33.191 [main] INFO  nextflow.cli.CmdRun - N E X T F L O W  ~  version 23.10.0
Nov-19 18:18:33.244 [main] DEBUG nextflow.plugin.PluginsFacade - Setting up plugin manager > mode=prod; embedded=false; plugins-dir=/root/.nextflow/plugins; core-plugins: nf-amazon@2.1.4,nf-azure@1.3.2,nf-cloudcache@0.3.0,nf-codecommit@0.1.5,nf-console@1.0.6,nf-ga4gh@1.1.0,nf-google@1.8.3,nf-tower@1.6.3,nf-wave@1.0.0
Nov-19 18:18:33.261 [main] INFO  o.pf4j.DefaultPluginStatusProvider - Enabled plugins: []
Nov-19 18:18:33.266 [main] INFO  o.pf4j.DefaultPluginStatusProvider - Disabled plugins: []
Nov-19 18:18:33.272 [main] INFO  org.pf4j.DefaultPluginManager - PF4J version 3.4.1 in 'deployment' mode
Nov-19 18:18:33.285 [main] INFO  org.pf4j.AbstractPluginManager - No plugins
Nov-19 18:18:33.306 [main] DEBUG nextflow.config.ConfigBuilder - Found config local: /home/bill/upwork/riyasharma/nextflow.config
Nov-19 18:18:33.308 [main] DEBUG nextflow.config.ConfigBuilder - Parsing config file: /home/bill/upwork/riyasharma/nextflow.config
Nov-19 18:18:33.425 [main] DEBUG nextflow.config.ConfigBuilder - Applying config profile: `docker`
Nov-19 18:18:35.312 [main] DEBUG nextflow.config.ConfigBuilder - Available config profiles: [docker]
Nov-19 18:18:35.345 [main] DEBUG nextflow.cli.CmdRun - Applied DSL=2 from script declararion
Nov-19 18:18:35.362 [main] INFO  nextflow.cli.CmdRun - Launching `main.nf` [lethal_booth] DSL2 - revision: 8070f38ea6
Nov-19 18:18:35.363 [main] DEBUG nextflow.plugin.PluginsFacade - Plugins default=[]
Nov-19 18:18:35.363 [main] DEBUG nextflow.plugin.PluginsFacade - Plugins resolved requirement=[]
Nov-19 18:18:35.385 [main] DEBUG n.secret.LocalSecretsProvider - Secrets store: /root/.nextflow/secrets/store.json
Nov-19 18:18:35.389 [main] DEBUG nextflow.secret.SecretsLoader - Discovered secrets providers: [nextflow.secret.LocalSecretsProvider@1886991b] - activable => nextflow.secret.LocalSecretsProvider@1886991b
Nov-19 18:18:35.559 [main] DEBUG nextflow.Session - Session UUID: 1cf99202-da8d-46ba-a8fb-778ea0996e3e
Nov-19 18:18:35.559 [main] DEBUG nextflow.Session - Run name: lethal_booth
Nov-19 18:18:35.559 [main] DEBUG nextflow.Session - Executor pool size: 12
Nov-19 18:18:35.567 [main] DEBUG nextflow.file.FilePorter - File porter settings maxRetries=3; maxTransfers=50; pollTimeout=null
Nov-19 18:18:35.577 [main] DEBUG nextflow.util.ThreadPoolBuilder - Creating thread pool 'FileTransfer' minSize=10; maxSize=36; workQueue=LinkedBlockingQueue[10000]; allowCoreThreadTimeout=false
Nov-19 18:18:35.605 [main] DEBUG nextflow.cli.CmdRun - 
  Version: 23.10.0 build 5889
  Created: 15-10-2023 15:07 UTC (20:37 IDT)
  System: Linux 5.15.133.1-microsoft-standard-WSL2
  Runtime: Groovy 3.0.19 on OpenJDK 64-Bit Server VM 11.0.20.1+1-post-Ubuntu-0ubuntu122.04
  Encoding: UTF-8 (UTF-8)
  Process: 357684@prabhatbara [127.0.1.1]
  CPUs: 12 - Mem: 7.6 GB (133 MB) - Swap: 2 GB (1.9 GB)
Nov-19 18:18:35.631 [main] DEBUG nextflow.Session - Work-dir: /home/bill/upwork/riyasharma/work [ext2/ext3]
Nov-19 18:18:35.631 [main] DEBUG nextflow.Session - Script base path does not exist or is not a directory: /home/bill/upwork/riyasharma/bin
Nov-19 18:18:35.641 [main] DEBUG nextflow.executor.ExecutorFactory - Extension executors providers=[]
Nov-19 18:18:35.650 [main] DEBUG nextflow.Session - Observer factory: DefaultObserverFactory
Nov-19 18:18:35.670 [main] DEBUG nextflow.cache.CacheFactory - Using Nextflow cache factory: nextflow.cache.DefaultCacheFactory
Nov-19 18:18:35.681 [main] DEBUG nextflow.util.CustomThreadPool - Creating default thread pool > poolSize: 13; maxThreads: 1000
Nov-19 18:18:35.765 [main] DEBUG nextflow.Session - Session start
Nov-19 18:18:36.180 [main] DEBUG nextflow.script.ScriptRunner - > Launching execution
Nov-19 18:18:36.289 [main] DEBUG nextflow.executor.ExecutorFactory - << taskConfig executor: null
Nov-19 18:18:36.289 [main] DEBUG nextflow.executor.ExecutorFactory - >> processorType: 'local'
Nov-19 18:18:36.297 [main] DEBUG nextflow.executor.Executor - [warm up] executor > local
Nov-19 18:18:36.305 [main] DEBUG n.processor.LocalPollingMonitor - Creating local task monitor for executor 'local' > cpus=12; memory=7.6 GB; capacity=12; pollInterval=100ms; dumpInterval=5m
Nov-19 18:18:36.308 [main] DEBUG n.processor.TaskPollingMonitor - >>> barrier register (monitor: local)
Nov-19 18:18:36.684 [main] DEBUG nextflow.executor.ExecutorFactory - << taskConfig executor: null
Nov-19 18:18:36.685 [main] DEBUG nextflow.executor.ExecutorFactory - >> processorType: 'local'
Nov-19 18:18:36.695 [main] DEBUG nextflow.executor.ExecutorFactory - << taskConfig executor: null
Nov-19 18:18:36.695 [main] DEBUG nextflow.executor.ExecutorFactory - >> processorType: 'local'
Nov-19 18:18:36.703 [main] DEBUG nextflow.Session - Workflow process names [dsl2]: extract_sequences, sort_and_index_bam, count_reads
Nov-19 18:18:36.704 [main] DEBUG nextflow.Session - Igniting dataflow network (3)
Nov-19 18:18:36.705 [main] DEBUG nextflow.processor.TaskProcessor - Starting process > sort_and_index_bam
Nov-19 18:18:36.709 [main] DEBUG nextflow.processor.TaskProcessor - Starting process > extract_sequences
Nov-19 18:18:36.710 [main] DEBUG nextflow.processor.TaskProcessor - Starting process > count_reads
Nov-19 18:18:36.711 [main] DEBUG nextflow.script.ScriptRunner - Parsed script files:
  Script_ea2136983c038677: /home/bill/upwork/riyasharma/main.nf
Nov-19 18:18:36.713 [main] DEBUG nextflow.script.ScriptRunner - > Awaiting termination 
Nov-19 18:18:36.714 [main] DEBUG nextflow.Session - Session await
Nov-19 18:18:37.308 [Task submitter] DEBUG n.executor.local.LocalTaskHandler - Launch cmd line: /bin/bash -ue .command.run
Nov-19 18:18:37.313 [Task submitter] INFO  nextflow.Session - [d3/cfe570] Submitted process > sort_and_index_bam
Nov-19 18:18:39.337 [Task monitor] DEBUG n.processor.TaskPollingMonitor - Task completed > TaskHandler[id: 1; name: sort_and_index_bam; status: COMPLETED; exit: 0; error: -; workDir: /home/bill/upwork/riyasharma/work/d3/cfe5705aaeaacc5930b246a1b92c3f]
Nov-19 18:18:39.438 [Task submitter] DEBUG n.executor.local.LocalTaskHandler - Launch cmd line: /bin/bash -ue .command.run
Nov-19 18:18:39.440 [Task submitter] INFO  nextflow.Session - [cf/0abb6c] Submitted process > count_reads
Nov-19 18:18:39.456 [Task submitter] DEBUG n.executor.local.LocalTaskHandler - Launch cmd line: /bin/bash -ue .command.run
Nov-19 18:18:39.457 [Task submitter] INFO  nextflow.Session - [64/42f542] Submitted process > extract_sequences
Nov-19 18:18:40.813 [Task monitor] DEBUG n.processor.TaskPollingMonitor - Task completed > TaskHandler[id: 3; name: count_reads; status: COMPLETED; exit: 0; error: -; workDir: /home/bill/upwork/riyasharma/work/cf/0abb6ca80c543baddfb9eb6a34b4c0]
Nov-19 18:18:40.849 [Task monitor] DEBUG nextflow.util.ThreadPoolBuilder - Creating thread pool 'PublishDir' minSize=10; maxSize=36; workQueue=LinkedBlockingQueue[10000]; allowCoreThreadTimeout=false
Nov-19 18:18:41.125 [Task monitor] DEBUG n.processor.TaskPollingMonitor - Task completed > TaskHandler[id: 2; name: extract_sequences; status: COMPLETED; exit: 0; error: -; workDir: /home/bill/upwork/riyasharma/work/64/42f542dc5e320018221dd2e307fafc]
Nov-19 18:18:41.130 [main] DEBUG nextflow.Session - Session await > all processes finished
Nov-19 18:18:41.133 [Task monitor] DEBUG n.processor.TaskPollingMonitor - <<< barrier arrives (monitor: local) - terminating tasks monitor poll loop
Nov-19 18:18:41.134 [main] DEBUG nextflow.Session - Session await > all barriers passed
Nov-19 18:18:41.140 [main] DEBUG nextflow.util.ThreadPoolManager - Thread pool 'PublishDir' shutdown completed (hard=false)
Nov-19 18:18:41.153 [main] DEBUG n.trace.WorkflowStatsObserver - Workflow completed > WorkflowStats[succeededCount=3; failedCount=0; ignoredCount=0; cachedCount=0; pendingCount=0; submittedCount=0; runningCount=0; retriesCount=0; abortedCount=0; succeedDuration=4.8s; failedDuration=0ms; cachedDuration=0ms;loadCpus=0; loadMemory=0; peakRunning=2; peakCpus=2; peakMemory=0; ]
Nov-19 18:18:41.279 [main] DEBUG nextflow.cache.CacheDB - Closing CacheDB done
Nov-19 18:18:41.309 [main] DEBUG nextflow.util.ThreadPoolManager - Thread pool 'FileTransfer' shutdown completed (hard=false)
Nov-19 18:18:41.309 [main] DEBUG nextflow.script.ScriptRunner - > Execution complete -- Goodbye
